<?xml version="1.0" encoding="UTF-8"?>
<!-- Generated by org.testng.reporters.JUnitReportReporter -->
<testsuite hostname="LTIN234835" failures="0" tests="8" name="TestCases.Tc001_EmiCalculator" time="290.862" errors="0" timestamp="2024-02-28T14:14:56 IST" skipped="0">
  <testcase classname="TestCases.Tc001_EmiCalculator" name="inputCalculator" time="5.376"/>
  <system-out/>
  <testcase classname="TestCases.Tc001_EmiCalculator" name="printCarEmiData" time="7.974"/>
  <system-out/>
  <testcase classname="TestCases.Tc001_EmiCalculator" name="homeLoanCalculator" time="44.282"/>
  <system-out/>
  <testcase classname="TestCases.Tc001_EmiCalculator" name="printHomeEmiData" time="4.602"/>
  <system-out/>
  <testcase classname="TestCases.Tc001_EmiCalculator" name="loanCalculator" time="69.020"/>
  <system-out/>
  <testcase classname="TestCases.Tc001_EmiCalculator" name="loanEmiCalcUICheck" time="58.076"/>
  <system-out/>
  <testcase classname="TestCases.Tc001_EmiCalculator" name="loanAmountCalcUICheck" time="51.266"/>
  <system-out/>
  <testcase classname="TestCases.Tc001_EmiCalculator" name="loanTenureCalcUICheck" time="50.266"/>
  <system-out/>
</testsuite> <!-- TestCases.Tc001_EmiCalculator -->
